Build started 2/17/2014 1:55:01 PM.
     1>Project "d:\student data\documents\visual studio 2010\Projects\FighterGame\FighterGame\FighterGame.vcxproj" on node 2 (build target(s)).
     1>InitializeBuildStatus:
         Creating "Debug\FighterGame.unsuccessfulbuild" because "AlwaysCreate" was specified.
       ClCompile:
         All outputs are up-to-date.
         C:\Program Files (x86)\Microsoft Visual Studio 10.0\VC\bin\CL.exe /c /Ic:\allegro\include /ZI /nologo /W3 /WX- /Od /Oy- /D WIN32 /D _DEBUG /D _CONSOLE /D _UNICODE /D UNICODE /Gm /EHsc /RTC1 /MDd /GS /fp:precise /Zc:wchar_t /Zc:forScope /Yu"StdAfx.h" /Fp"Debug\FighterGame.pch" /Fo"Debug\\" /Fd"Debug\vc100.pdb" /Gd /TP /analyze- /errorReport:prompt animation.cpp
         animation.cpp
       ManifestResourceCompile:
         All outputs are up-to-date.
       Link:
         C:\Program Files (x86)\Microsoft Visual Studio 10.0\VC\bin\link.exe /ERRORREPORT:PROMPT /OUT:"d:\student data\documents\visual studio 2010\Projects\FighterGame\Debug\FighterGame.exe" /INCREMENTAL /NOLOGO /LIBPATH:c:\allegro\lib kernel32.lib user32.lib gdi32.lib winspool.lib comdlg32.lib advapi32.lib shell32.lib ole32.lib oleaut32.lib uuid.lib odbc32.lib odbccp32.lib kernel32.lib user32.lib gdi32.lib winspool.lib comdlg32.lib advapi32.lib shell32.lib ole32.lib oleaut32.lib uuid.lib odbc32.lib odbccp32.lib "allegro-5.0.10-monolith-md-debug.lib" /MANIFEST /ManifestFile:"Debug\FighterGame.exe.intermediate.manifest" /MANIFESTUAC:"level='asInvoker' uiAccess='false'" /DEBUG /PDB:"d:\student data\documents\visual studio 2010\Projects\FighterGame\Debug\FighterGame.pdb" /SUBSYSTEM:CONSOLE /TLBID:1 /DYNAMICBASE /NXCOMPAT /IMPLIB:"d:\student data\documents\visual studio 2010\Projects\FighterGame\Debug\FighterGame.lib" /MACHINE:X86 Debug\FighterGame.exe.embed.manifest.res
         Debug\animation.obj
         Debug\Fighter.obj
         Debug\main.obj
         Debug\stdafx.obj
       Manifest:
         C:\Program Files (x86)\Microsoft SDKs\Windows\v7.0A\bin\mt.exe /nologo /verbose /out:"Debug\FighterGame.exe.embed.manifest" /manifest Debug\FighterGame.exe.intermediate.manifest
         All outputs are up-to-date.
       LinkEmbedManifest:
         All outputs are up-to-date.
         FighterGame.vcxproj -> d:\student data\documents\visual studio 2010\Projects\FighterGame\Debug\FighterGame.exe
       FinalizeBuildStatus:
         Deleting file "Debug\FighterGame.unsuccessfulbuild".
         Touching "Debug\FighterGame.lastbuildstate".
     1>Done Building Project "d:\student data\documents\visual studio 2010\Projects\FighterGame\FighterGame\FighterGame.vcxproj" (build target(s)).

Build succeeded.

Time Elapsed 00:00:06.42
